Expected arguments: ./life <input_file> <num_of_generations> <X_limit> <Y_limit>: Success
terminate called after throwing an instance of 'std::logic_error'
  what():  basic_string::_M_construct null not valid
Expected arguments: ./life <input_file> <num_of_generations> <X_limit> <Y_limit>: Success
terminate called after throwing an instance of 'std::logic_error'
  what():  basic_string::_M_construct null not valid
Expected arguments: ./life <input_file> <num_of_generations> <X_limit> <Y_limit>: Success
terminate called after throwing an instance of 'std::logic_error'
  what():  basic_string::_M_construct null not valid
Expected arguments: ./life <input_file> <num_of_generations> <X_limit> <Y_limit>: Success
terminate called after throwing an instance of 'std::logic_error'
  what():  basic_string::_M_construct null not valid
Expected arguments: ./life <input_file> <num_of_generations> <X_limit> <Y_limit>: Success
terminate called after throwing an instance of 'std::logic_error'
  what():  basic_string::_M_construct null not valid
Expected arguments: ./life <input_file> <num_of_generations> <X_limit> <Y_limit>: Success
terminate called after throwing an instance of 'std::logic_error'
  what():  basic_string::_M_construct null not valid
Expected arguments: ./life <input_file> <num_of_generations> <X_limit> <Y_limit>: Success
terminate called after throwing an instance of 'std::logic_error'
  what():  basic_string::_M_construct null not valid
Expected arguments: ./life <input_file> <num_of_generations> <X_limit> <Y_limit>: Success
terminate called after throwing an instance of 'std::logic_error'
  what():  basic_string::_M_construct null not valid
Expected arguments: ./life <input_file> <num_of_generations> <X_limit> <Y_limit>: Success
terminate called after throwing an instance of 'std::logic_error'
  what():  basic_string::_M_construct null not valid
Expected arguments: ./life <input_file> <num_of_generations> <X_limit> <Y_limit>: Success
terminate called after throwing an instance of 'std::logic_error'
  what():  basic_string::_M_construct null not valid
Expected arguments: ./life <input_file> <num_of_generations> <X_limit> <Y_limit>: Success
terminate called after throwing an instance of 'std::logic_error'
  what():  basic_string::_M_construct null not valid
Expected arguments: ./life <input_file> <num_of_generations> <X_limit> <Y_limit>: Success
terminate called after throwing an instance of 'std::logic_error'
  what():  basic_string::_M_construct null not valid
Expected arguments: ./life <input_file> <num_of_generations> <X_limit> <Y_limit>: Success
terminate called after throwing an instance of 'std::logic_error'
  what():  basic_string::_M_construct null not valid
Expected arguments: ./life <input_file> <num_of_generations> <X_limit> <Y_limit>: Success
terminate called after throwing an instance of 'std::logic_error'
  what():  basic_string::_M_construct null not valid
Expected arguments: ./life <input_file> <num_of_generations> <X_limit> <Y_limit>: Success
terminate called after throwing an instance of 'std::logic_error'
  what():  basic_string::_M_construct null not valid
--------------------------------------------------------------------------
Primary job  terminated normally, but 1 process returned
a non-zero exit code. Per user-direction, the job has been aborted.
--------------------------------------------------------------------------
Expected arguments: ./life <input_file> <num_of_generations> <X_limit> <Y_limit>: Success
terminate called after throwing an instance of 'std::logic_error'
  what():  basic_string::_M_construct null not valid
